;  LST file generated by mikroListExporter - v.2.0 
; Date/Time: 3.3.2017 13:12:28
;----------------------------------------------

;Address Opcode 	ASM
0x0000	0x296F      	GOTO       367
_Interrupt:
0x0004	0x00FF      	MOVWF      R15
0x0005	0x0E03      	SWAPF      STATUS, 0
0x0006	0x0183      	CLRF       STATUS
0x0007	0x00BE      	MOVWF      ___saveSTATUS
0x0008	0x080A      	MOVF       PCLATH, 0
0x0009	0x00BF      	MOVWF      ___savePCLATH
0x000A	0x018A      	CLRF       PCLATH
0x000B	0x0870      	MOVF       R0, 0
0x000C	0x00A0      	MOVWF      32
0x000D	0x0804      	MOVF       FSR, 0
0x000E	0x00A1      	MOVWF      33
;motorDriver.c,56 :: 		void Interrupt(){
;motorDriver.c,57 :: 		if(INTF_bit){
0x000F	0x1C8B      	BTFSS      INTF_bit, BitPos(INTF_bit+0)
0x0010	0x2815      	GOTO       L_Interrupt8
;motorDriver.c,58 :: 		INTCON = 0;
0x0011	0x018B      	CLRF       INTCON
;motorDriver.c,59 :: 		PORTB.F2 = 0;
0x0012	0x1106      	BCF        PORTB, 2
;motorDriver.c,60 :: 		PORTD = 0;
0x0013	0x0188      	CLRF       PORTD
;motorDriver.c,61 :: 		PWM1_Stop();
0x0014	0x2151      	CALL       _PWM1_Stop
;motorDriver.c,62 :: 		}
L_Interrupt8:
;motorDriver.c,64 :: 		if (RBIF_bit){
0x0015	0x1C0B      	BTFSS      RBIF_bit, BitPos(RBIF_bit+0)
0x0016	0x281A      	GOTO       L_Interrupt9
;motorDriver.c,65 :: 		RBIF_bit = 0;
0x0017	0x100B      	BCF        RBIF_bit, BitPos(RBIF_bit+0)
;motorDriver.c,66 :: 		readHallSensors();
0x0018	0x2142      	CALL       _readHallSensors
;motorDriver.c,67 :: 		updateMotorPins();
0x0019	0x20CB      	CALL       _updateMotorPins
;motorDriver.c,68 :: 		}
L_Interrupt9:
;motorDriver.c,69 :: 		}
L_end_Interrupt:
L__Interrupt21:
0x001A	0x0820      	MOVF       32, 0
0x001B	0x00F0      	MOVWF      R0
0x001C	0x0821      	MOVF       33, 0
0x001D	0x0084      	MOVWF      FSR
0x001E	0x083F      	MOVF       ___savePCLATH, 0
0x001F	0x008A      	MOVWF      PCLATH
0x0020	0x0E3E      	SWAPF      ___saveSTATUS, 0
0x0021	0x0083      	MOVWF      STATUS
0x0022	0x0EFF      	SWAPF      R15, 1
0x0023	0x0E7F      	SWAPF      R15, 0
0x0024	0x0009      	RETFIE
; end of _Interrupt
_UART1_Read:
;__Lib_UART_c67.c,21 :: 		
;__Lib_UART_c67.c,24 :: 		
0x0025	0x1283      	BCF        STATUS, 5
0x0026	0x1303      	BCF        STATUS, 6
0x0027	0x081A      	MOVF       RCREG, 0
0x0028	0x00F1      	MOVWF      R1
;__Lib_UART_c67.c,25 :: 		
0x0029	0x1C98      	BTFSS      RCSTA, 1
0x002A	0x282D      	GOTO       L_UART1_Read2
;__Lib_UART_c67.c,26 :: 		
0x002B	0x1218      	BCF        RCSTA, 4
;__Lib_UART_c67.c,27 :: 		
0x002C	0x1618      	BSF        RCSTA, 4
;__Lib_UART_c67.c,28 :: 		
L_UART1_Read2:
;__Lib_UART_c67.c,29 :: 		
0x002D	0x0871      	MOVF       R1, 0
0x002E	0x00F0      	MOVWF      R0
;__Lib_UART_c67.c,30 :: 		
L_end_UART1_Read:
0x002F	0x0008      	RETURN
; end of _UART1_Read
_UART1_Data_Ready:
;__Lib_UART_c67.c,16 :: 		
;__Lib_UART_c67.c,17 :: 		
0x0030	0x3000      	MOVLW      0
0x0031	0x1283      	BCF        STATUS, 5
0x0032	0x1303      	BCF        STATUS, 6
0x0033	0x1A8C      	BTFSC      PIR1, 5
0x0034	0x3001      	MOVLW      1
0x0035	0x00F0      	MOVWF      R0
;__Lib_UART_c67.c,18 :: 		
L_end_UART1_Data_Ready:
0x0036	0x0008      	RETURN
; end of _UART1_Data_Ready
_Mul_16X16_U:
;__Lib_Math.c,136 :: 		
;__Lib_Math.c,143 :: 		
0x0037	0x1283      	BCF        STATUS, 5
;__Lib_Math.c,144 :: 		
0x0038	0x1303      	BCF        STATUS, 6
;__Lib_Math.c,145 :: 		
0x0039	0x01FB      	CLRF       R11
;__Lib_Math.c,146 :: 		
0x003A	0x01FA      	CLRF       R10
;__Lib_Math.c,147 :: 		
0x003B	0x01F9      	CLRF       R9
;__Lib_Math.c,148 :: 		
0x003C	0x3080      	MOVLW      128
;__Lib_Math.c,149 :: 		
0x003D	0x00F8      	MOVWF      R8
;__Lib_Math.c,150 :: 		
0x003E	0x0CF1      	RRF        R1, 1
;__Lib_Math.c,151 :: 		
0x003F	0x0CF0      	RRF        R0, 1
;__Lib_Math.c,152 :: 		
0x0040	0x1C03      	BTFSS      STATUS, 0
;__Lib_Math.c,153 :: 		
0x0041	0x284B      	GOTO       $+10
;__Lib_Math.c,154 :: 		
0x0042	0x0874      	MOVF       R4, 0
;__Lib_Math.c,155 :: 		
0x0043	0x07F9      	ADDWF      R9, 1
;__Lib_Math.c,156 :: 		
0x0044	0x0875      	MOVF       R5, 0
;__Lib_Math.c,157 :: 		
0x0045	0x1803      	BTFSC      STATUS, 0
;__Lib_Math.c,158 :: 		
0x0046	0x0F75      	INCFSZ     R5, 0
;__Lib_Math.c,159 :: 		
0x0047	0x07FA      	ADDWF      R10, 1
;__Lib_Math.c,160 :: 		
0x0048	0x1803      	BTFSC      STATUS, 0
;__Lib_Math.c,161 :: 		
0x0049	0x0AFB      	INCF       R11, 1
;__Lib_Math.c,162 :: 		
0x004A	0x1003      	BCF        STATUS, 0
;__Lib_Math.c,163 :: 		
0x004B	0x1FF0      	BTFSS      R0, 7
;__Lib_Math.c,164 :: 		
0x004C	0x2853      	GOTO       $+7
;__Lib_Math.c,165 :: 		
0x004D	0x0874      	MOVF       R4, 0
;__Lib_Math.c,166 :: 		
0x004E	0x07FA      	ADDWF      R10, 1
;__Lib_Math.c,167 :: 		
0x004F	0x0875      	MOVF       R5, 0
;__Lib_Math.c,168 :: 		
0x0050	0x1803      	BTFSC      STATUS, 0
;__Lib_Math.c,169 :: 		
0x0051	0x0F75      	INCFSZ     R5, 0
;__Lib_Math.c,170 :: 		
0x0052	0x07FB      	ADDWF      R11, 1
;__Lib_Math.c,171 :: 		
0x0053	0x0CFB      	RRF        R11, 1
;__Lib_Math.c,172 :: 		
0x0054	0x0CFA      	RRF        R10, 1
;__Lib_Math.c,173 :: 		
0x0055	0x0CF9      	RRF        R9, 1
;__Lib_Math.c,174 :: 		
0x0056	0x0CF8      	RRF        R8, 1
;__Lib_Math.c,175 :: 		
0x0057	0x1C03      	BTFSS      STATUS, 0
;__Lib_Math.c,176 :: 		
0x0058	0x283E      	GOTO       $-26
;__Lib_Math.c,177 :: 		
0x0059	0x087B      	MOVF       R11, 0
;__Lib_Math.c,178 :: 		
0x005A	0x00F3      	MOVWF      R3
;__Lib_Math.c,179 :: 		
0x005B	0x087A      	MOVF       R10, 0
;__Lib_Math.c,180 :: 		
0x005C	0x00F2      	MOVWF      R2
;__Lib_Math.c,181 :: 		
0x005D	0x0879      	MOVF       R9, 0
;__Lib_Math.c,182 :: 		
0x005E	0x00F1      	MOVWF      R1
;__Lib_Math.c,183 :: 		
0x005F	0x0878      	MOVF       R8, 0
;__Lib_Math.c,184 :: 		
0x0060	0x00F0      	MOVWF      R0
;__Lib_Math.c,187 :: 		
L_end_Mul_16X16_U:
0x0061	0x0008      	RETURN
; end of _Mul_16X16_U
_PWM1_Start:
;__Lib_PWM_c21.c,51 :: 		
;__Lib_PWM_c21.c,52 :: 		
0x0062	0x1683      	BSF        STATUS, 5
0x0063	0x1303      	BCF        STATUS, 6
0x0064	0x1107      	BCF        TRISC2_bit, BitPos(TRISC2_bit+0)
;__Lib_PWM_c21.c,53 :: 		
0x0065	0x1283      	BCF        STATUS, 5
0x0066	0x1512      	BSF        T2CON, 2
;__Lib_PWM_c21.c,54 :: 		
0x0067	0x300C      	MOVLW      12
0x0068	0x0497      	IORWF      CCP1CON, 1
;__Lib_PWM_c21.c,55 :: 		
L_end_PWM1_Start:
0x0069	0x0008      	RETURN
; end of _PWM1_Start
_PWM1_Set_Duty:
;__Lib_PWM_c21.c,40 :: 		
;__Lib_PWM_c21.c,44 :: 		
0x006A	0x1683      	BSF        STATUS, 5
0x006B	0x1303      	BCF        STATUS, 6
0x006C	0x0812      	MOVF       PR2, 0
0x006D	0x3E01      	ADDLW      1
0x006E	0x00F0      	MOVWF      R0
0x006F	0x01F1      	CLRF       R0+1
0x0070	0x1803      	BTFSC      STATUS, 0
0x0071	0x0AF1      	INCF       R0+1, 1
0x0072	0x1283      	BCF        STATUS, 5
0x0073	0x0844      	MOVF       FARG_PWM1_Set_Duty_new_duty, 0
0x0074	0x00F4      	MOVWF      R4
0x0075	0x01F5      	CLRF       R4+1
0x0076	0x2037      	CALL       _Mul_16X16_U
0x0077	0x3006      	MOVLW      6
0x0078	0x00F2      	MOVWF      R2
0x0079	0x0870      	MOVF       R0, 0
0x007A	0x00F4      	MOVWF      R4
0x007B	0x0871      	MOVF       R0+1, 0
0x007C	0x00F5      	MOVWF      R4+1
0x007D	0x0872      	MOVF       R2, 0
L__PWM1_Set_Duty10:
0x007E	0x1903      	BTFSC      STATUS, 2
0x007F	0x2885      	GOTO       L__PWM1_Set_Duty11
0x0080	0x0CF5      	RRF        R4+1, 1
0x0081	0x0CF4      	RRF        R4, 1
0x0082	0x13F5      	BCF        R4+1, 7
0x0083	0x3EFF      	ADDLW      255
0x0084	0x287E      	GOTO       L__PWM1_Set_Duty10
L__PWM1_Set_Duty11:
;__Lib_PWM_c21.c,45 :: 		
0x0085	0x3004      	MOVLW      4
0x0086	0x00F1      	MOVWF      R1
0x0087	0x0874      	MOVF       R4, 0
0x0088	0x00F0      	MOVWF      R0
0x0089	0x0871      	MOVF       R1, 0
L__PWM1_Set_Duty12:
0x008A	0x1903      	BTFSC      STATUS, 2
0x008B	0x2890      	GOTO       L__PWM1_Set_Duty13
0x008C	0x0DF0      	RLF        R0, 1
0x008D	0x1070      	BCF        R0, 0
0x008E	0x3EFF      	ADDLW      255
0x008F	0x288A      	GOTO       L__PWM1_Set_Duty12
L__PWM1_Set_Duty13:
0x0090	0x3030      	MOVLW      48
0x0091	0x0570      	ANDWF      R0, 0
0x0092	0x00F3      	MOVWF      R3
;__Lib_PWM_c21.c,46 :: 		
0x0093	0x0874      	MOVF       R4, 0
0x0094	0x00F0      	MOVWF      R0
0x0095	0x0875      	MOVF       R4+1, 0
0x0096	0x00F1      	MOVWF      R0+1
0x0097	0x0CF1      	RRF        R0+1, 1
0x0098	0x0CF0      	RRF        R0, 1
0x0099	0x13F1      	BCF        R0+1, 7
0x009A	0x0CF1      	RRF        R0+1, 1
0x009B	0x0CF0      	RRF        R0, 1
0x009C	0x13F1      	BCF        R0+1, 7
0x009D	0x0870      	MOVF       R0, 0
0x009E	0x0095      	MOVWF      CCPR1L
;__Lib_PWM_c21.c,47 :: 		
0x009F	0x300F      	MOVLW      15
0x00A0	0x0597      	ANDWF      CCP1CON, 1
;__Lib_PWM_c21.c,48 :: 		
0x00A1	0x0873      	MOVF       R3, 0
0x00A2	0x0497      	IORWF      CCP1CON, 1
;__Lib_PWM_c21.c,49 :: 		
L_end_PWM1_Set_Duty:
0x00A3	0x0008      	RETURN
; end of _PWM1_Set_Duty
_____DoICP:
;__Lib_System.c,6 :: 		
;__Lib_System.c,9 :: 		
0x00A4	0x1283      	BCF        STATUS, 5
0x00A5	0x1303      	BCF        STATUS, 6
0x00A6	0x083D      	MOVF       ___DoICPAddr+1, 0
0x00A7	0x008A      	MOVWF      PCLATH
;__Lib_System.c,10 :: 		
0x00A8	0x083C      	MOVF       ___DoICPAddr, 0
0x00A9	0x0082      	MOVWF      PCL
;__Lib_System.c,12 :: 		
L_end_____DoICP:
0x00AA	0x0008      	RETURN
; end of _____DoICP
_serialDataRead:
;motorDriver.c,31 :: 		void serialDataRead(){
;motorDriver.c,32 :: 		int i=0;
0x00AB	0x1283      	BCF        STATUS, 5
0x00AC	0x1303      	BCF        STATUS, 6
0x00AD	0x01C4      	CLRF       serialDataRead_i_L0
0x00AE	0x01C5      	CLRF       serialDataRead_i_L0+1
;motorDriver.c,33 :: 		while(i<5){
L_serialDataRead3:
0x00AF	0x3080      	MOVLW      128
0x00B0	0x0645      	XORWF      serialDataRead_i_L0+1, 0
0x00B1	0x00F0      	MOVWF      R0
0x00B2	0x3080      	MOVLW      128
0x00B3	0x0270      	SUBWF      R0, 0
0x00B4	0x1D03      	BTFSS      STATUS, 2
0x00B5	0x28B8      	GOTO       L__serialDataRead18
0x00B6	0x3005      	MOVLW      5
0x00B7	0x0244      	SUBWF      serialDataRead_i_L0, 0
L__serialDataRead18:
0x00B8	0x1803      	BTFSC      STATUS, 0
0x00B9	0x28CA      	GOTO       L_serialDataRead4
;motorDriver.c,34 :: 		if(UART1_Data_Ready())
0x00BA	0x2030      	CALL       _UART1_Data_Ready
0x00BB	0x0870      	MOVF       R0, 0
0x00BC	0x1903      	BTFSC      STATUS, 2
0x00BD	0x28C9      	GOTO       L_serialDataRead5
;motorDriver.c,36 :: 		receivedText[i]=UART1_Read();
0x00BE	0x0844      	MOVF       serialDataRead_i_L0, 0
0x00BF	0x3E34      	ADDLW      _receivedText
0x00C0	0x00C6      	MOVWF      FLOC__serialDataRead
0x00C1	0x2025      	CALL       _UART1_Read
0x00C2	0x0846      	MOVF       FLOC__serialDataRead, 0
0x00C3	0x0084      	MOVWF      FSR
0x00C4	0x0870      	MOVF       R0, 0
0x00C5	0x0080      	MOVWF      INDF
;motorDriver.c,37 :: 		i++;
0x00C6	0x0AC4      	INCF       serialDataRead_i_L0, 1
0x00C7	0x1903      	BTFSC      STATUS, 2
0x00C8	0x0AC5      	INCF       serialDataRead_i_L0+1, 1
;motorDriver.c,38 :: 		}
L_serialDataRead5:
;motorDriver.c,39 :: 		}
0x00C9	0x28AF      	GOTO       L_serialDataRead3
L_serialDataRead4:
;motorDriver.c,41 :: 		}
L_end_serialDataRead:
0x00CA	0x0008      	RETURN
; end of _serialDataRead
_updateMotorPins:
;motorDriver.c,24 :: 		void updateMotorPins(){
;motorDriver.c,25 :: 		if(dir==1)
0x00CB	0x3000      	MOVLW      0
0x00CC	0x1283      	BCF        STATUS, 5
0x00CD	0x1303      	BCF        STATUS, 6
0x00CE	0x063A      	XORWF      _dir+1, 0
0x00CF	0x1D03      	BTFSS      STATUS, 2
0x00D0	0x28D3      	GOTO       L__updateMotorPins15
0x00D1	0x3001      	MOVLW      1
0x00D2	0x0639      	XORWF      _dir, 0
L__updateMotorPins15:
0x00D3	0x1D03      	BTFSS      STATUS, 2
0x00D4	0x28DB      	GOTO       L_updateMotorPins0
;motorDriver.c,26 :: 		PORTD = MoveTableF[hall];
0x00D5	0x083B      	MOVF       _hall, 0
0x00D6	0x3E22      	ADDLW      _MoveTableF
0x00D7	0x0084      	MOVWF      FSR
0x00D8	0x0800      	MOVF       INDF, 0
0x00D9	0x0088      	MOVWF      PORTD
0x00DA	0x28E8      	GOTO       L_updateMotorPins1
L_updateMotorPins0:
;motorDriver.c,27 :: 		else if(dir==2)
0x00DB	0x3000      	MOVLW      0
0x00DC	0x063A      	XORWF      _dir+1, 0
0x00DD	0x1D03      	BTFSS      STATUS, 2
0x00DE	0x28E1      	GOTO       L__updateMotorPins16
0x00DF	0x3002      	MOVLW      2
0x00E0	0x0639      	XORWF      _dir, 0
L__updateMotorPins16:
0x00E1	0x1D03      	BTFSS      STATUS, 2
0x00E2	0x28E8      	GOTO       L_updateMotorPins2
;motorDriver.c,28 :: 		PORTD = MoveTableR[hall];
0x00E3	0x083B      	MOVF       _hall, 0
0x00E4	0x3E2A      	ADDLW      _MoveTableR
0x00E5	0x0084      	MOVWF      FSR
0x00E6	0x0800      	MOVF       INDF, 0
0x00E7	0x0088      	MOVWF      PORTD
L_updateMotorPins2:
L_updateMotorPins1:
;motorDriver.c,29 :: 		}
L_end_updateMotorPins:
0x00E8	0x0008      	RETURN
; end of _updateMotorPins
___CC2DW:
;__Lib_System.c,134 :: 		
;__Lib_System.c,137 :: 		
_CC2D_Loop1:
;__Lib_System.c,139 :: 		
0x00E9	0x20A4      	CALL       _____DoICP
0x00EA	0x118A      	BCF        PCLATH, 3
0x00EB	0x120A      	BCF        PCLATH, 4
;__Lib_System.c,141 :: 		
0x00EC	0x0080      	MOVWF      INDF
;__Lib_System.c,142 :: 		
0x00ED	0x0A84      	INCF       FSR, 1
;__Lib_System.c,143 :: 		
0x00EE	0x0ABC      	INCF       ___DoICPAddr, 1
;__Lib_System.c,145 :: 		
0x00EF	0x1903      	BTFSC      STATUS, 2
;__Lib_System.c,146 :: 		
0x00F0	0x0ABD      	INCF       ___DoICPAddr+1, 1
;__Lib_System.c,147 :: 		
0x00F1	0x03F0      	DECF       R0, 1
;__Lib_System.c,149 :: 		
0x00F2	0x1D03      	BTFSS      STATUS, 2
;__Lib_System.c,150 :: 		
0x00F3	0x28E9      	GOTO       _CC2D_Loop1
;__Lib_System.c,152 :: 		
L_end___CC2DW:
0x00F4	0x0008      	RETURN
; end of ___CC2DW
_convertReceivedData:
;motorDriver.c,43 :: 		void convertReceivedData()
;motorDriver.c,45 :: 		if(receivedText[4]=='/'){
0x00F5	0x1283      	BCF        STATUS, 5
0x00F6	0x1303      	BCF        STATUS, 6
0x00F7	0x0838      	MOVF       _receivedText+4, 0
0x00F8	0x3A2F      	XORLW      47
0x00F9	0x1D03      	BTFSS      STATUS, 2
0x00FA	0x2930      	GOTO       L_convertReceivedData6
;motorDriver.c,46 :: 		dir=receivedText[0]-'0';
0x00FB	0x3030      	MOVLW      48
0x00FC	0x0234      	SUBWF      _receivedText, 0
0x00FD	0x00B9      	MOVWF      _dir
0x00FE	0x01BA      	CLRF       _dir+1
0x00FF	0x1C03      	BTFSS      STATUS, 0
0x0100	0x03BA      	DECF       _dir+1, 1
;motorDriver.c,47 :: 		amp_int+=(receivedText[1]-'0')*100;
0x0101	0x3030      	MOVLW      48
0x0102	0x0235      	SUBWF      _receivedText+1, 0
0x0103	0x00F0      	MOVWF      R0
0x0104	0x01F1      	CLRF       R0+1
0x0105	0x1C03      	BTFSS      STATUS, 0
0x0106	0x03F1      	DECF       R0+1, 1
0x0107	0x3064      	MOVLW      100
0x0108	0x00F4      	MOVWF      R4
0x0109	0x3000      	MOVLW      0
0x010A	0x00F5      	MOVWF      R4+1
0x010B	0x2037      	CALL       _Mul_16X16_U
0x010C	0x0870      	MOVF       R0, 0
0x010D	0x07B2      	ADDWF      _amp_int, 1
0x010E	0x0871      	MOVF       R0+1, 0
0x010F	0x1803      	BTFSC      STATUS, 0
0x0110	0x3E01      	ADDLW      1
0x0111	0x07B3      	ADDWF      _amp_int+1, 1
;motorDriver.c,48 :: 		amp_int+=(receivedText[2]-'0')*10;
0x0112	0x3030      	MOVLW      48
0x0113	0x0236      	SUBWF      _receivedText+2, 0
0x0114	0x00F0      	MOVWF      R0
0x0115	0x01F1      	CLRF       R0+1
0x0116	0x1C03      	BTFSS      STATUS, 0
0x0117	0x03F1      	DECF       R0+1, 1
0x0118	0x300A      	MOVLW      10
0x0119	0x00F4      	MOVWF      R4
0x011A	0x3000      	MOVLW      0
0x011B	0x00F5      	MOVWF      R4+1
0x011C	0x2037      	CALL       _Mul_16X16_U
0x011D	0x0870      	MOVF       R0, 0
0x011E	0x07B2      	ADDWF      _amp_int, 1
0x011F	0x0871      	MOVF       R0+1, 0
0x0120	0x1803      	BTFSC      STATUS, 0
0x0121	0x3E01      	ADDLW      1
0x0122	0x07B3      	ADDWF      _amp_int+1, 1
;motorDriver.c,49 :: 		amp_int+=receivedText[3]-'0';
0x0123	0x3030      	MOVLW      48
0x0124	0x0237      	SUBWF      _receivedText+3, 0
0x0125	0x00F0      	MOVWF      R0
0x0126	0x01F1      	CLRF       R0+1
0x0127	0x1C03      	BTFSS      STATUS, 0
0x0128	0x03F1      	DECF       R0+1, 1
0x0129	0x0870      	MOVF       R0, 0
0x012A	0x07B2      	ADDWF      _amp_int, 1
0x012B	0x0871      	MOVF       R0+1, 0
0x012C	0x1803      	BTFSC      STATUS, 0
0x012D	0x3E01      	ADDLW      1
0x012E	0x07B3      	ADDWF      _amp_int+1, 1
;motorDriver.c,50 :: 		}
0x012F	0x2931      	GOTO       L_convertReceivedData7
L_convertReceivedData6:
;motorDriver.c,52 :: 		SerialDataRead();
0x0130	0x20AB      	CALL       _serialDataRead
L_convertReceivedData7:
;motorDriver.c,54 :: 		}
L_end_convertReceivedData:
0x0131	0x0008      	RETURN
; end of _convertReceivedData
_updatePWM:
;motorDriver.c,11 :: 		void updatePWM(){
;motorDriver.c,12 :: 		PWM1_Set_Duty(amp_int);
0x0132	0x1283      	BCF        STATUS, 5
0x0133	0x1303      	BCF        STATUS, 6
0x0134	0x0832      	MOVF       _amp_int, 0
0x0135	0x00C4      	MOVWF      FARG_PWM1_Set_Duty_new_duty
0x0136	0x206A      	CALL       _PWM1_Set_Duty
;motorDriver.c,13 :: 		amp_int=0;
0x0137	0x01B2      	CLRF       _amp_int
0x0138	0x01B3      	CLRF       _amp_int+1
;motorDriver.c,14 :: 		PWM1_Start();
0x0139	0x2062      	CALL       _PWM1_Start
;motorDriver.c,15 :: 		}
L_end_updatePWM:
0x013A	0x0008      	RETURN
; end of _updatePWM
_InitInterrupts:
;motorDriver.c,70 :: 		void InitInterrupts(){
;motorDriver.c,71 :: 		OPTION_REG = 0;
0x013B	0x1683      	BSF        STATUS, 5
0x013C	0x1303      	BCF        STATUS, 6
0x013D	0x0181      	CLRF       OPTION_REG
;motorDriver.c,72 :: 		TMR1IE_bit    = 0;
0x013E	0x100C      	BCF        TMR1IE_bit, BitPos(TMR1IE_bit+0)
;motorDriver.c,73 :: 		INTCON        = 0xD8;
0x013F	0x30D8      	MOVLW      216
0x0140	0x008B      	MOVWF      INTCON
;motorDriver.c,74 :: 		}
L_end_InitInterrupts:
0x0141	0x0008      	RETURN
; end of _InitInterrupts
_readHallSensors:
;motorDriver.c,17 :: 		void readHallSensors(){
;motorDriver.c,18 :: 		hall = PORTB;
0x0142	0x1283      	BCF        STATUS, 5
0x0143	0x1303      	BCF        STATUS, 6
0x0144	0x0806      	MOVF       PORTB, 0
0x0145	0x00BB      	MOVWF      _hall
;motorDriver.c,19 :: 		hall = hall & 112;
0x0146	0x3070      	MOVLW      112
0x0147	0x05BB      	ANDWF      _hall, 1
;motorDriver.c,20 :: 		hall = hall >> 4;
0x0148	0x0CBB      	RRF        _hall, 1
0x0149	0x13BB      	BCF        _hall, 7
0x014A	0x0CBB      	RRF        _hall, 1
0x014B	0x13BB      	BCF        _hall, 7
0x014C	0x0CBB      	RRF        _hall, 1
0x014D	0x13BB      	BCF        _hall, 7
0x014E	0x0CBB      	RRF        _hall, 1
0x014F	0x13BB      	BCF        _hall, 7
;motorDriver.c,21 :: 		}
L_end_readHallSensors:
0x0150	0x0008      	RETURN
; end of _readHallSensors
_PWM1_Stop:
;__Lib_PWM_c21.c,57 :: 		
;__Lib_PWM_c21.c,58 :: 		
0x0151	0x1683      	BSF        STATUS, 5
0x0152	0x1303      	BCF        STATUS, 6
0x0153	0x1507      	BSF        TRISC2_bit, BitPos(TRISC2_bit+0)
;__Lib_PWM_c21.c,59 :: 		
0x0154	0x1283      	BCF        STATUS, 5
0x0155	0x1112      	BCF        T2CON, 2
;__Lib_PWM_c21.c,60 :: 		
0x0156	0x30F0      	MOVLW      240
0x0157	0x0597      	ANDWF      CCP1CON, 1
;__Lib_PWM_c21.c,61 :: 		
L_end_PWM1_Stop:
0x0158	0x0008      	RETURN
; end of _PWM1_Stop
_UART1_Init:
;__Lib_UART_c67.c,2 :: 		
;__Lib_UART_c67.c,5 :: 		
0x0159	0x1683      	BSF        STATUS, 5
0x015A	0x1303      	BCF        STATUS, 6
0x015B	0x1698      	BSF        TXSTA, 5
;__Lib_UART_c67.c,6 :: 		
0x015C	0x3090      	MOVLW      144
0x015D	0x1283      	BCF        STATUS, 5
0x015E	0x0098      	MOVWF      RCSTA
;__Lib_UART_c67.c,7 :: 		
0x015F	0x1683      	BSF        STATUS, 5
0x0160	0x1787      	BSF        TRISC7_bit, BitPos(TRISC7_bit+0)
;__Lib_UART_c67.c,8 :: 		
0x0161	0x1307      	BCF        TRISC6_bit, BitPos(TRISC6_bit+0)
;__Lib_UART_c67.c,10 :: 		
L_UART1_Init0:
0x0162	0x1283      	BCF        STATUS, 5
0x0163	0x1E8C      	BTFSS      PIR1, 5
0x0164	0x2968      	GOTO       L_UART1_Init1
;__Lib_UART_c67.c,11 :: 		
0x0165	0x081A      	MOVF       RCREG, 0
0x0166	0x00F0      	MOVWF      R0
0x0167	0x2962      	GOTO       L_UART1_Init0
L_UART1_Init1:
;__Lib_UART_c67.c,12 :: 		
L_end_UART1_Init:
0x0168	0x0008      	RETURN
; end of _UART1_Init
_PWM1_Init:
;__Lib_PWM_c21.c,33 :: 		
;__Lib_PWM_c21.c,34 :: 		
;__Lib_PWM_c21.c,35 :: 		
0x0169	0x1283      	BCF        STATUS, 5
0x016A	0x1303      	BCF        STATUS, 6
0x016B	0x0195      	CLRF       CCPR1L
;__Lib_PWM_c21.c,36 :: 		
0x016C	0x1217      	BCF        CCP1CON, 4
;__Lib_PWM_c21.c,37 :: 		
0x016D	0x1297      	BCF        CCP1CON, 5
;__Lib_PWM_c21.c,38 :: 		
L_end_PWM1_Init:
0x016E	0x0008      	RETURN
; end of _PWM1_Init
_main:
0x016F	0x1283      	BCF        STATUS, 5
0x0170	0x1303      	BCF        STATUS, 6
0x0171	0x01A2      	CLRF       _MoveTableF
0x0172	0x3021      	MOVLW      33
0x0173	0x00A3      	MOVWF      35
0x0174	0x3006      	MOVLW      6
0x0175	0x00A4      	MOVWF      36
0x0176	0x3024      	MOVLW      36
0x0177	0x00A5      	MOVWF      37
0x0178	0x3018      	MOVLW      24
0x0179	0x00A6      	MOVWF      38
0x017A	0x3009      	MOVLW      9
0x017B	0x00A7      	MOVWF      39
0x017C	0x3012      	MOVLW      18
0x017D	0x00A8      	MOVWF      40
0x017E	0x01A9      	CLRF       41
0x017F	0x01AA      	CLRF       _MoveTableR
0x0180	0x3012      	MOVLW      18
0x0181	0x00AB      	MOVWF      43
0x0182	0x3009      	MOVLW      9
0x0183	0x00AC      	MOVWF      44
0x0184	0x3018      	MOVLW      24
0x0185	0x00AD      	MOVWF      45
0x0186	0x3024      	MOVLW      36
0x0187	0x00AE      	MOVWF      46
0x0188	0x3006      	MOVLW      6
0x0189	0x00AF      	MOVWF      47
0x018A	0x3021      	MOVLW      33
0x018B	0x00B0      	MOVWF      48
0x018C	0x01B1      	CLRF       49
0x018D	0x01B2      	CLRF       _amp_int
0x018E	0x01B3      	CLRF       51
0x018F	0x3031      	MOVLW      49
0x0190	0x00B4      	MOVWF      _receivedText
0x0191	0x3030      	MOVLW      48
0x0192	0x00B5      	MOVWF      53
0x0193	0x3030      	MOVLW      48
0x0194	0x00B6      	MOVWF      54
0x0195	0x3030      	MOVLW      48
0x0196	0x00B7      	MOVWF      55
0x0197	0x302F      	MOVLW      47
0x0198	0x00B8      	MOVWF      56
0x0199	0x3001      	MOVLW      1
0x019A	0x00B9      	MOVWF      _dir
0x019B	0x01BA      	CLRF       58
;motorDriver.c,75 :: 		void main() {
;motorDriver.c,76 :: 		ADCON1 = 14;
0x019C	0x300E      	MOVLW      14
0x019D	0x1683      	BSF        STATUS, 5
0x019E	0x009F      	MOVWF      ADCON1
;motorDriver.c,77 :: 		CMCON  = 7;
0x019F	0x3007      	MOVLW      7
0x01A0	0x009C      	MOVWF      CMCON
;motorDriver.c,78 :: 		PORTB = 0;
0x01A1	0x1283      	BCF        STATUS, 5
0x01A2	0x0186      	CLRF       PORTB
;motorDriver.c,79 :: 		TRISB = 243;
0x01A3	0x30F3      	MOVLW      243
0x01A4	0x1683      	BSF        STATUS, 5
0x01A5	0x0086      	MOVWF      TRISB
;motorDriver.c,80 :: 		PORTD = 0;
0x01A6	0x1283      	BCF        STATUS, 5
0x01A7	0x0188      	CLRF       PORTD
;motorDriver.c,81 :: 		TRISD = 0;
0x01A8	0x1683      	BSF        STATUS, 5
0x01A9	0x0188      	CLRF       TRISD
;motorDriver.c,82 :: 		InitInterrupts();
0x01AA	0x213B      	CALL       _InitInterrupts
;motorDriver.c,83 :: 		PWM1_Init(300);
0x01AB	0x1283      	BCF        STATUS, 5
0x01AC	0x1412      	BSF        T2CON, 0
0x01AD	0x1492      	BSF        T2CON, 1
0x01AE	0x30D0      	MOVLW      208
0x01AF	0x1683      	BSF        STATUS, 5
0x01B0	0x0092      	MOVWF      PR2
0x01B1	0x2169      	CALL       _PWM1_Init
;motorDriver.c,84 :: 		UART1_Init(9600);
0x01B2	0x3019      	MOVLW      25
0x01B3	0x1683      	BSF        STATUS, 5
0x01B4	0x0099      	MOVWF      SPBRG
0x01B5	0x1518      	BSF        TXSTA, 2
0x01B6	0x2159      	CALL       _UART1_Init
;motorDriver.c,87 :: 		while(1){
L_main10:
;motorDriver.c,88 :: 		PORTB.F2 = 1;
0x01B7	0x1506      	BSF        PORTB, 2
;motorDriver.c,89 :: 		serialDataRead();
0x01B8	0x20AB      	CALL       _serialDataRead
;motorDriver.c,90 :: 		convertReceivedData();
0x01B9	0x20F5      	CALL       _convertReceivedData
;motorDriver.c,91 :: 		PORTB.F2 = 0;
0x01BA	0x1106      	BCF        PORTB, 2
;motorDriver.c,92 :: 		readHallSensors();
0x01BB	0x2142      	CALL       _readHallSensors
;motorDriver.c,93 :: 		updateMotorPins();
0x01BC	0x20CB      	CALL       _updateMotorPins
;motorDriver.c,94 :: 		PORTB.F2 = 0;
0x01BD	0x1106      	BCF        PORTB, 2
;motorDriver.c,95 :: 		updatePWM();
0x01BE	0x2132      	CALL       _updatePWM
;motorDriver.c,96 :: 		}
0x01BF	0x29B7      	GOTO       L_main10
;motorDriver.c,97 :: 		}
L_end_main:
0x01C0	0x29C0      	GOTO       $+0
; end of _main
Symbol List:
//** Routines locations **
//ADDRESS    SIZE    PROCEDURE
//----------------------------------------------
0x0004      [33]    _Interrupt
0x0025      [11]    _UART1_Read
0x0030       [7]    _UART1_Data_Ready
0x0037      [43]    _Mul_16X16_U
0x0062       [8]    _PWM1_Start
0x006A      [58]    _PWM1_Set_Duty
0x00A4       [7]    _____DoICP
0x00AB      [32]    _serialDataRead
0x00CB      [30]    _updateMotorPins
0x00E9      [12]    ___CC2DW
0x00F5      [61]    _convertReceivedData
0x0132       [9]    _updatePWM
0x013B       [7]    _InitInterrupts
0x0142      [15]    _readHallSensors
0x0151       [8]    _PWM1_Stop
0x0159      [16]    _UART1_Init
0x0169       [6]    _PWM1_Init
0x016F      [82]    _main
//** Variables locations ** 
//ADDRESS    SIZE    VARIABLE
//----------------------------------------------
0x0000       [1]    INDF
0x0002       [1]    PCL
0x0003       [1]    STATUS
0x0004       [1]    FSR
0x0006       [1]    PORTB
0x0008       [1]    PORTD
0x000A       [1]    PCLATH
0x000B       [0]    RBIF_bit
0x000B       [1]    INTCON
0x000B       [0]    INTF_bit
0x000C       [1]    PIR1
0x0012       [1]    T2CON
0x0015       [1]    CCPR1L
0x0017       [1]    CCP1CON
0x0018       [1]    RCSTA
0x001A       [1]    RCREG
0x0022       [8]    _MoveTableF
0x002A       [8]    _MoveTableR
0x0032       [2]    _amp_int
0x0034       [5]    _receivedText
0x0039       [2]    _dir
0x003B       [1]    _hall
0x003C       [2]    ___DoICPAddr
0x003E       [1]    ___saveSTATUS
0x003F       [1]    ___savePCLATH
0x0040       [4]    FARG_PWM1_Init_PWM_Freq
0x0044       [2]    serialDataRead_i_L0
0x0044       [1]    FARG_PWM1_Set_Duty_new_duty
0x0046       [1]    FLOC__serialDataRead
0x0070       [1]    R0
0x0071       [1]    R1
0x0072       [1]    R2
0x0073       [1]    R3
0x0074       [1]    R4
0x0075       [1]    R5
0x0076       [1]    R6
0x0077       [1]    R7
0x0078       [1]    R8
0x0079       [1]    R9
0x007A       [1]    R10
0x007B       [1]    R11
0x007C       [1]    R12
0x007D       [1]    R13
0x007E       [1]    R14
0x007F       [1]    R15
0x0081       [1]    OPTION_REG
0x0086       [1]    TRISB
0x0087       [0]    TRISC2_bit
0x0087       [0]    TRISC6_bit
0x0087       [0]    TRISC7_bit
0x0088       [1]    TRISD
0x008C       [0]    TMR1IE_bit
0x0092       [1]    PR2
0x0098       [1]    TXSTA
0x0099       [1]    SPBRG
0x009C       [1]    CMCON
0x009F       [1]    ADCON1
